<?xml version="1.0" encoding="UTF-8"?>
<!-- Generated by org.testng.reporters.JUnitReportReporter -->
<testsuite hostname="Sumidhas-MacBook-Air.local" failures="0" tests="1" name="thirdnew.AppTest" time="0.031" errors="0" timestamp="2020-05-16T16:17:43 IST" skipped="0">
  <testcase classname="thirdnew.AppTest" name="TC_1" time="0.031"/>
  <system-out/>
</testsuite> <!-- thirdnew.AppTest -->
