<?xml version="1.0" encoding="UTF-8"?>
<!-- Generated by org.testng.reporters.JUnitReportReporter -->
<testsuite hostname="Kaustubhs-MacBook-Air.local" failures="0" tests="1" name="appium.vivo.KaustubhTestng" time="126.624" errors="0" timestamp="2020-05-18T09:01:05 IST" skipped="0">
  <testcase classname="appium.vivo.KaustubhTestng" name="sampleTest" time="126.624"/>
  <system-out/>
</testsuite> <!-- appium.vivo.KaustubhTestng -->
